<?xml version="1.0" encoding="UTF-8"?>
<testsuite name="org.example.PessoaTeste" tests="1" skipped="0" failures="0" errors="0" timestamp="2023-03-24T14:55:49" hostname="DESKTOP-JMR591K" time="0.028">
  <properties/>
  <testcase name="deveRetornarSeEMaiorDeIdade()" classname="org.example.PessoaTeste" time="0.028"/>
  <system-out><![CDATA[]]></system-out>
  <system-err><![CDATA[]]></system-err>
</testsuite>
